e:\1 - uet lahore\3rd semester\oop\lab work\lab5\lab7 polynomial\lab7 polynomial\debug\vc140.pdb
e:\1 - uet lahore\3rd semester\oop\lab work\lab5\lab7 polynomial\lab7 polynomial\debug\vc140.idb
e:\1 - uet lahore\3rd semester\oop\lab work\lab5\lab7 polynomial\lab7 polynomial\debug\main.obj
e:\1 - uet lahore\3rd semester\oop\lab work\lab5\lab7 polynomial\lab7 polynomial\debug\polynomial.obj
e:\1 - uet lahore\3rd semester\oop\lab work\lab5\lab7 polynomial\debug\lab7 polynomial.ilk
e:\1 - uet lahore\3rd semester\oop\lab work\lab5\lab7 polynomial\debug\lab7 polynomial.exe
e:\1 - uet lahore\3rd semester\oop\lab work\lab5\lab7 polynomial\debug\lab7 polynomial.pdb
e:\1 - uet lahore\3rd semester\object oriented programming\lab work\lab 7 polynomial\lab7 polynomial\debug\main.obj
e:\1 - uet lahore\3rd semester\object oriented programming\lab work\lab 7 polynomial\lab7 polynomial\debug\polynomial.obj
e:\1 - uet lahore\3rd semester\object oriented programming\lab work\lab 7 polynomial\lab7 polynomial\debug\vc140.idb
e:\1 - uet lahore\3rd semester\object oriented programming\lab work\lab 7 polynomial\lab7 polynomial\debug\vc140.pdb
e:\1 - uet lahore\3rd semester\object oriented programming\lab work\lab 7 polynomial\debug\lab7 polynomial.pdb
e:\1 - uet lahore\3rd semester\object oriented programming\lab work\lab 7 polynomial\debug\lab7 polynomial.exe
e:\1 - uet lahore\3rd semester\object oriented programming\lab work\lab 7 polynomial\debug\lab7 polynomial.ilk
e:\1 - uet lahore\3rd semester\object oriented programming\lab work\lab 7 polynomial\lab7 polynomial\debug\lab7 polynomial.tlog\cl.command.1.tlog
e:\1 - uet lahore\3rd semester\object oriented programming\lab work\lab 7 polynomial\lab7 polynomial\debug\lab7 polynomial.tlog\cl.read.1.tlog
e:\1 - uet lahore\3rd semester\object oriented programming\lab work\lab 7 polynomial\lab7 polynomial\debug\lab7 polynomial.tlog\cl.write.1.tlog
e:\1 - uet lahore\3rd semester\object oriented programming\lab work\lab 7 polynomial\lab7 polynomial\debug\lab7 polynomial.tlog\link.command.1.tlog
e:\1 - uet lahore\3rd semester\object oriented programming\lab work\lab 7 polynomial\lab7 polynomial\debug\lab7 polynomial.tlog\link.read.1.tlog
e:\1 - uet lahore\3rd semester\object oriented programming\lab work\lab 7 polynomial\lab7 polynomial\debug\lab7 polynomial.tlog\link.write.1.tlog
